=== Начало симуляции БКНС ===

=== Состояние БКНС через 0 секунд ===
=== Состояние БКНС ===
Входные параметры: Давление=1.9000 МПа
Выходные параметры: Давление=1.8000 МПа

Насос NA4 (ID 0):
  Режим работы: Обe задвижки закрыты
  Старт: False, Стоп: False, Вкл: False, Выкл: True
  Ток двигателя: 0.00 А
  Давление вход: 1.900 МПа, выход: 1.800 МПа
  Температуры:
    Подшипник (раб.): 25.0°C
    Подшипник (поле): 25.0°C
    Мотор (раб.): 25.0°C
    Мотор (поле): 25.0°C
    Гидроподшипник: 25.0°C
  Маслосистема: запущена, Давление: 4.00 бар ,Температура масла: 40.0°C
  Команды маслонасоса: старт=True, стоп=False
  Входная задвижка: состояние: в движении, команды: открыть=True, закрыть=False
  Выходная задвижка: состояние: в движении, команды: открыть=True, закрыть=False
  Расход: 0.000 м³/с

Насос NA2 (ID 1):
  Режим работы: Обe задвижки закрыты
  Старт: False, Стоп: False, Вкл: False, Выкл: True
  Ток двигателя: 0.00 А
  Давление вход: 1.900 МПа, выход: 1.800 МПа
  Температуры:
    Подшипник (раб.): 25.0°C
    Подшипник (поле): 25.0°C
    Мотор (раб.): 25.0°C
    Мотор (поле): 25.0°C
    Гидроподшипник: 25.0°C
  Маслосистема: запущена, Давление: 4.00 бар ,Температура масла: 40.0°C
  Команды маслонасоса: старт=True, стоп=False
  Входная задвижка: состояние: в движении, команды: открыть=True, закрыть=False
  Выходная задвижка: состояние: в движении, команды: открыть=True, закрыть=False
  Расход: 0.000 м³/с


=== Состояние БКНС через 1 секунд ===
=== Состояние БКНС ===
Входные параметры: Давление=1.9000 МПа
Выходные параметры: Давление=1.8000 МПа

Насос NA4 (ID 0):
  Режим работы: Обe задвижки закрыты
  Старт: False, Стоп: False, Вкл: False, Выкл: True
  Ток двигателя: 0.00 А
  Давление вход: 1.900 МПа, выход: 1.800 МПа
  Температуры:
    Подшипник (раб.): 25.0°C
    Подшипник (поле): 25.0°C
    Мотор (раб.): 25.0°C
    Мотор (поле): 25.0°C
    Гидроподшипник: 25.0°C
  Маслосистема: запущена, Давление: 4.00 бар ,Температура масла: 39.7°C
  Команды маслонасоса: старт=True, стоп=False
  Входная задвижка: состояние: в движении, команды: открыть=True, закрыть=False
  Выходная задвижка: состояние: в движении, команды: открыть=True, закрыть=False
  Расход: 0.000 м³/с

Насос NA2 (ID 1):
  Режим работы: Обe задвижки закрыты
  Старт: False, Стоп: False, Вкл: False, Выкл: True
  Ток двигателя: 0.00 А
  Давление вход: 1.900 МПа, выход: 1.800 МПа
  Температуры:
    Подшипник (раб.): 25.0°C
    Подшипник (поле): 25.0°C
    Мотор (раб.): 25.0°C
    Мотор (поле): 25.0°C
    Гидроподшипник: 25.0°C
  Маслосистема: запущена, Давление: 4.00 бар ,Температура масла: 39.7°C
  Команды маслонасоса: старт=True, стоп=False
  Входная задвижка: состояние: в движении, команды: открыть=True, закрыть=False
  Выходная задвижка: состояние: в движении, команды: открыть=True, закрыть=False
  Расход: 0.000 м³/с


=== Состояние БКНС через 2 секунд ===
=== Состояние БКНС ===
Входные параметры: Давление=1.9000 МПа
Выходные параметры: Давление=1.8000 МПа

Насос NA4 (ID 0):
  Режим работы: Штатный режим
  Старт: False, Стоп: False, Вкл: False, Выкл: True
  Ток двигателя: 0.00 А
  Давление вход: 1.900 МПа, выход: 1.800 МПа
  Температуры:
    Подшипник (раб.): 25.0°C
    Подшипник (поле): 25.0°C
    Мотор (раб.): 25.0°C
    Мотор (поле): 25.0°C
    Гидроподшипник: 25.0°C
  Маслосистема: запущена, Давление: 4.00 бар ,Температура масла: 39.4°C
  Команды маслонасоса: старт=True, стоп=False
  Входная задвижка: состояние: открыта, команды: открыть=True, закрыть=False
  Выходная задвижка: состояние: открыта, команды: открыть=True, закрыть=False
  Расход: 0.000 м³/с

Насос NA2 (ID 1):
  Режим работы: Штатный режим
  Старт: False, Стоп: False, Вкл: False, Выкл: True
  Ток двигателя: 0.00 А
  Давление вход: 1.900 МПа, выход: 1.800 МПа
  Температуры:
    Подшипник (раб.): 25.0°C
    Подшипник (поле): 25.0°C
    Мотор (раб.): 25.0°C
    Мотор (поле): 25.0°C
    Гидроподшипник: 25.0°C
  Маслосистема: запущена, Давление: 4.00 бар ,Температура масла: 39.4°C
  Команды маслонасоса: старт=True, стоп=False
  Входная задвижка: состояние: открыта, команды: открыть=True, закрыть=False
  Выходная задвижка: состояние: открыта, команды: открыть=True, закрыть=False
  Расход: 0.000 м³/с


=== Состояние БКНС через 3 секунд ===
=== Состояние БКНС ===
Входные параметры: Давление=1.9000 МПа
Выходные параметры: Давление=1.8000 МПа

Насос NA4 (ID 0):
  Режим работы: Штатный режим
  Старт: False, Стоп: False, Вкл: False, Выкл: True
  Ток двигателя: 0.00 А
  Давление вход: 1.900 МПа, выход: 1.800 МПа
  Температуры:
    Подшипник (раб.): 25.0°C
    Подшипник (поле): 25.0°C
    Мотор (раб.): 25.0°C
    Мотор (поле): 25.0°C
    Гидроподшипник: 25.0°C
  Маслосистема: запущена, Давление: 4.00 бар ,Температура масла: 39.1°C
  Команды маслонасоса: старт=True, стоп=False
  Входная задвижка: состояние: открыта, команды: открыть=True, закрыть=False
  Выходная задвижка: состояние: открыта, команды: открыть=True, закрыть=False
  Расход: 0.000 м³/с

Насос NA2 (ID 1):
  Режим работы: Штатный режим
  Старт: False, Стоп: False, Вкл: False, Выкл: True
  Ток двигателя: 0.00 А
  Давление вход: 1.900 МПа, выход: 1.800 МПа
  Температуры:
    Подшипник (раб.): 25.0°C
    Подшипник (поле): 25.0°C
    Мотор (раб.): 25.0°C
    Мотор (поле): 25.0°C
    Гидроподшипник: 25.0°C
  Маслосистема: запущена, Давление: 4.00 бар ,Температура масла: 39.1°C
  Команды маслонасоса: старт=True, стоп=False
  Входная задвижка: состояние: открыта, команды: открыть=True, закрыть=False
  Выходная задвижка: состояние: открыта, команды: открыть=True, закрыть=False
  Расход: 0.000 м³/с


=== Состояние БКНС через 4 секунд ===
=== Состояние БКНС ===
Входные параметры: Давление=1.9000 МПа
Выходные параметры: Давление=1.8000 МПа

Насос NA4 (ID 0):
  Режим работы: Штатный режим
  Старт: False, Стоп: False, Вкл: False, Выкл: True
  Ток двигателя: 0.00 А
  Давление вход: 1.900 МПа, выход: 1.800 МПа
  Температуры:
    Подшипник (раб.): 25.0°C
    Подшипник (поле): 25.0°C
    Мотор (раб.): 25.0°C
    Мотор (поле): 25.0°C
    Гидроподшипник: 25.0°C
  Маслосистема: запущена, Давление: 4.00 бар ,Температура масла: 38.9°C
  Команды маслонасоса: старт=True, стоп=False
  Входная задвижка: состояние: открыта, команды: открыть=True, закрыть=False
  Выходная задвижка: состояние: открыта, команды: открыть=True, закрыть=False
  Расход: 0.000 м³/с

Насос NA2 (ID 1):
  Режим работы: Штатный режим
  Старт: False, Стоп: False, Вкл: False, Выкл: True
  Ток двигателя: 0.00 А
  Давление вход: 1.900 МПа, выход: 1.800 МПа
  Температуры:
    Подшипник (раб.): 25.0°C
    Подшипник (поле): 25.0°C
    Мотор (раб.): 25.0°C
    Мотор (поле): 25.0°C
    Гидроподшипник: 25.0°C
  Маслосистема: запущена, Давление: 4.00 бар ,Температура масла: 38.9°C
  Команды маслонасоса: старт=True, стоп=False
  Входная задвижка: состояние: открыта, команды: открыть=True, закрыть=False
  Выходная задвижка: состояние: открыта, команды: открыть=True, закрыть=False
  Расход: 0.000 м³/с


=== Состояние БКНС через 5 секунд ===
=== Состояние БКНС ===
Входные параметры: Давление=1.9000 МПа
Выходные параметры: Давление=1.8000 МПа

Насос NA4 (ID 0):
  Режим работы: Штатный режим
  Старт: False, Стоп: False, Вкл: False, Выкл: True
  Ток двигателя: 0.00 А
  Давление вход: 1.900 МПа, выход: 1.800 МПа
  Температуры:
    Подшипник (раб.): 25.0°C
    Подшипник (поле): 25.0°C
    Мотор (раб.): 25.0°C
    Мотор (поле): 25.0°C
    Гидроподшипник: 25.0°C
  Маслосистема: запущена, Давление: 4.00 бар ,Температура масла: 38.6°C
  Команды маслонасоса: старт=True, стоп=False
  Входная задвижка: состояние: открыта, команды: открыть=True, закрыть=False
  Выходная задвижка: состояние: открыта, команды: открыть=True, закрыть=False
  Расход: 0.000 м³/с

Насос NA2 (ID 1):
  Режим работы: Штатный режим
  Старт: False, Стоп: False, Вкл: False, Выкл: True
  Ток двигателя: 0.00 А
  Давление вход: 1.900 МПа, выход: 1.800 МПа
  Температуры:
    Подшипник (раб.): 25.0°C
    Подшипник (поле): 25.0°C
    Мотор (раб.): 25.0°C
    Мотор (поле): 25.0°C
    Гидроподшипник: 25.0°C
  Маслосистема: запущена, Давление: 4.00 бар ,Температура масла: 38.6°C
  Команды маслонасоса: старт=True, стоп=False
  Входная задвижка: состояние: открыта, команды: открыть=True, закрыть=False
  Выходная задвижка: состояние: открыта, команды: открыть=True, закрыть=False
  Расход: 0.000 м³/с


>>> Запускаем насос NA4

=== Состояние БКНС через 6 секунд ===
=== Состояние БКНС ===
Входные параметры: Давление=1.9000 МПа
Выходные параметры: Давление=1.8000 МПа

Насос NA4 (ID 0):
  Режим работы: Штатный режим
  Старт: False, Стоп: False, Вкл: True, Выкл: False
  Ток двигателя: 0.00 А
  Давление вход: 1.900 МПа, выход: 1.800 МПа
  Температуры:
    Подшипник (раб.): 25.0°C
    Подшипник (поле): 25.0°C
    Мотор (раб.): 25.0°C
    Мотор (поле): 25.0°C
    Гидроподшипник: 25.0°C
  Маслосистема: запущена, Давление: 4.00 бар ,Температура масла: 38.3°C
  Команды маслонасоса: старт=True, стоп=False
  Входная задвижка: состояние: открыта, команды: открыть=True, закрыть=False
  Выходная задвижка: состояние: открыта, команды: открыть=True, закрыть=False
  Расход: nan м³/с

Насос NA2 (ID 1):
  Режим работы: Штатный режим
  Старт: False, Стоп: False, Вкл: False, Выкл: True
  Ток двигателя: 0.00 А
  Давление вход: 1.900 МПа, выход: 1.800 МПа
  Температуры:
    Подшипник (раб.): 25.0°C
    Подшипник (поле): 25.0°C
    Мотор (раб.): 25.0°C
    Мотор (поле): 25.0°C
    Гидроподшипник: 25.0°C
  Маслосистема: запущена, Давление: 4.00 бар ,Температура масла: 38.3°C
  Команды маслонасоса: старт=True, стоп=False
  Входная задвижка: состояние: открыта, команды: открыть=True, закрыть=False
  Выходная задвижка: состояние: открыта, команды: открыть=True, закрыть=False
  Расход: 0.000 м³/с


=== Состояние БКНС через 7 секунд ===
=== Состояние БКНС ===
Входные параметры: Давление=1.9000 МПа
Выходные параметры: Давление=1.7525 МПа

Насос NA4 (ID 0):
  Режим работы: Штатный режим
  Старт: False, Стоп: False, Вкл: True, Выкл: False
  Ток двигателя: 1.81 А
  Давление вход: 1.900 МПа, выход: 1.705 МПа
  Температуры:
    Подшипник (раб.): 25.0°C
    Подшипник (поле): 25.0°C
    Мотор (раб.): 25.0°C
    Мотор (поле): 25.0°C
    Гидроподшипник: 25.0°C
  Маслосистема: запущена, Давление: 4.00 бар ,Температура масла: 38.1°C
  Команды маслонасоса: старт=True, стоп=False
  Входная задвижка: состояние: открыта, команды: открыть=True, закрыть=False
  Выходная задвижка: состояние: открыта, команды: открыть=True, закрыть=False
  Расход: 6.526 м³/с

Насос NA2 (ID 1):
  Режим работы: Штатный режим
  Старт: False, Стоп: False, Вкл: False, Выкл: True
  Ток двигателя: 0.00 А
  Давление вход: 1.900 МПа, выход: 1.800 МПа
  Температуры:
    Подшипник (раб.): 25.0°C
    Подшипник (поле): 25.0°C
    Мотор (раб.): 25.0°C
    Мотор (поле): 25.0°C
    Гидроподшипник: 25.0°C
  Маслосистема: запущена, Давление: 4.00 бар ,Температура масла: 38.1°C
  Команды маслонасоса: старт=True, стоп=False
  Входная задвижка: состояние: открыта, команды: открыть=True, закрыть=False
  Выходная задвижка: состояние: открыта, команды: открыть=True, закрыть=False
  Расход: 0.000 м³/с


=== Состояние БКНС через 8 секунд ===
=== Состояние БКНС ===
Входные параметры: Давление=1.9000 МПа
Выходные параметры: Давление=1.7735 МПа

Насос NA4 (ID 0):
  Режим работы: Штатный режим
  Старт: False, Стоп: False, Вкл: True, Выкл: False
  Ток двигателя: 3.30 А
  Давление вход: 1.900 МПа, выход: 1.747 МПа
  Температуры:
    Подшипник (раб.): 25.0°C
    Подшипник (поле): 25.0°C
    Мотор (раб.): 25.0°C
    Мотор (поле): 25.0°C
    Гидроподшипник: 25.0°C
  Маслосистема: запущена, Давление: 4.00 бар ,Температура масла: 37.8°C
  Команды маслонасоса: старт=True, стоп=False
  Входная задвижка: состояние: открыта, команды: открыть=True, закрыть=False
  Выходная задвижка: состояние: открыта, команды: открыть=True, закрыть=False
  Расход: 11.868 м³/с

Насос NA2 (ID 1):
  Режим работы: Штатный режим
  Старт: False, Стоп: False, Вкл: False, Выкл: True
  Ток двигателя: 0.00 А
  Давление вход: 1.900 МПа, выход: 1.800 МПа
  Температуры:
    Подшипник (раб.): 25.0°C
    Подшипник (поле): 25.0°C
    Мотор (раб.): 25.0°C
    Мотор (поле): 25.0°C
    Гидроподшипник: 25.0°C
  Маслосистема: запущена, Давление: 4.00 бар ,Температура масла: 37.8°C
  Команды маслонасоса: старт=True, стоп=False
  Входная задвижка: состояние: открыта, команды: открыть=True, закрыть=False
  Выходная задвижка: состояние: открыта, команды: открыть=True, закрыть=False
  Расход: 0.000 м³/с


=== Состояние БКНС через 9 секунд ===
=== Состояние БКНС ===
Входные параметры: Давление=1.9000 МПа
Выходные параметры: Давление=1.8003 МПа

Насос NA4 (ID 0):
  Режим работы: Штатный режим
  Старт: False, Стоп: False, Вкл: True, Выкл: False
  Ток двигателя: 4.51 А
  Давление вход: 1.900 МПа, выход: 1.801 МПа
  Температуры:
    Подшипник (раб.): 25.1°C
    Подшипник (поле): 25.1°C
    Мотор (раб.): 25.1°C
    Мотор (поле): 25.1°C
    Гидроподшипник: 25.1°C
  Маслосистема: запущена, Давление: 4.00 бар ,Температура масла: 37.5°C
  Команды маслонасоса: старт=True, стоп=False
  Входная задвижка: состояние: открыта, команды: открыть=True, закрыть=False
  Выходная задвижка: состояние: открыта, команды: открыть=True, закрыть=False
  Расход: 16.243 м³/с

Насос NA2 (ID 1):
  Режим работы: Штатный режим
  Старт: False, Стоп: False, Вкл: False, Выкл: True
  Ток двигателя: 0.00 А
  Давление вход: 1.900 МПа, выход: 1.800 МПа
  Температуры:
    Подшипник (раб.): 25.0°C
    Подшипник (поле): 25.0°C
    Мотор (раб.): 25.0°C
    Мотор (поле): 25.0°C
    Гидроподшипник: 25.0°C
  Маслосистема: запущена, Давление: 4.00 бар ,Температура масла: 37.5°C
  Команды маслонасоса: старт=True, стоп=False
  Входная задвижка: состояние: открыта, команды: открыть=True, закрыть=False
  Выходная задвижка: состояние: открыта, команды: открыть=True, закрыть=False
  Расход: 0.000 м³/с


=== Состояние БКНС через 10 секунд ===
=== Состояние БКНС ===
Входные параметры: Давление=1.9000 МПа
Выходные параметры: Давление=1.8287 МПа

Насос NA4 (ID 0):
  Режим работы: Штатный режим
  Старт: False, Стоп: False, Вкл: True, Выкл: False
  Ток двигателя: 5.51 А
  Давление вход: 1.900 МПа, выход: 1.857 МПа
  Температуры:
    Подшипник (раб.): 25.2°C
    Подшипник (поле): 25.2°C
    Мотор (раб.): 25.2°C
    Мотор (поле): 25.1°C
    Гидроподшипник: 25.1°C
  Маслосистема: запущена, Давление: 4.00 бар ,Температура масла: 37.3°C
  Команды маслонасоса: старт=True, стоп=False
  Входная задвижка: состояние: открыта, команды: открыть=True, закрыть=False
  Выходная задвижка: состояние: открыта, команды: открыть=True, закрыть=False
  Расход: 19.824 м³/с

Насос NA2 (ID 1):
  Режим работы: Штатный режим
  Старт: False, Стоп: False, Вкл: False, Выкл: True
  Ток двигателя: 0.00 А
  Давление вход: 1.900 МПа, выход: 1.800 МПа
  Температуры:
    Подшипник (раб.): 25.0°C
    Подшипник (поле): 25.0°C
    Мотор (раб.): 25.0°C
    Мотор (поле): 25.0°C
    Гидроподшипник: 25.0°C
  Маслосистема: запущена, Давление: 4.00 бар ,Температура масла: 37.3°C
  Команды маслонасоса: старт=True, стоп=False
  Входная задвижка: состояние: открыта, команды: открыть=True, закрыть=False
  Выходная задвижка: состояние: открыта, команды: открыть=True, закрыть=False
  Расход: 0.000 м³/с


>>> Закрываем выходную задвижку NA4

=== Состояние БКНС через 11 секунд ===
=== Состояние БКНС ===
Входные параметры: Давление=1.9000 МПа
Выходные параметры: Давление=1.9176 МПа

Насос NA4 (ID 0):
  Режим работы: Закрыта выходная задвижка
  Старт: False, Стоп: False, Вкл: True, Выкл: False
  Ток двигателя: 9.46 А
  Давление вход: 1.900 МПа, выход: 2.035 МПа
  Температуры:
    Подшипник (раб.): 25.4°C
    Подшипник (поле): 25.3°C
    Мотор (раб.): 25.4°C
    Мотор (поле): 25.3°C
    Гидроподшипник: 25.2°C
  Маслосистема: запущена, Давление: 4.00 бар ,Температура масла: 37.1°C
  Команды маслонасоса: старт=True, стоп=False
  Входная задвижка: состояние: открыта, команды: открыть=True, закрыть=False
  Выходная задвижка: состояние: в движении, команды: открыть=False, закрыть=True
  Расход: 0.000 м³/с

Насос NA2 (ID 1):
  Режим работы: Штатный режим
  Старт: False, Стоп: False, Вкл: False, Выкл: True
  Ток двигателя: 0.00 А
  Давление вход: 1.900 МПа, выход: 1.800 МПа
  Температуры:
    Подшипник (раб.): 25.0°C
    Подшипник (поле): 25.0°C
    Мотор (раб.): 25.0°C
    Мотор (поле): 25.0°C
    Гидроподшипник: 25.0°C
  Маслосистема: запущена, Давление: 4.00 бар ,Температура масла: 37.1°C
  Команды маслонасоса: старт=True, стоп=False
  Входная задвижка: состояние: открыта, команды: открыть=True, закрыть=False
  Выходная задвижка: состояние: открыта, команды: открыть=True, закрыть=False
  Расход: 0.000 м³/с


=== Состояние БКНС через 12 секунд ===
=== Состояние БКНС ===
Входные параметры: Давление=1.9000 МПа
Выходные параметры: Давление=1.9437 МПа

Насос NA4 (ID 0):
  Режим работы: Закрыта выходная задвижка
  Старт: False, Стоп: False, Вкл: True, Выкл: False
  Ток двигателя: 10.49 А
  Давление вход: 1.900 МПа, выход: 2.087 МПа
  Температуры:
    Подшипник (раб.): 25.7°C
    Подшипник (поле): 25.5°C
    Мотор (раб.): 25.6°C
    Мотор (поле): 25.5°C
    Гидроподшипник: 25.4°C
  Маслосистема: запущена, Давление: 4.00 бар ,Температура масла: 36.8°C
  Команды маслонасоса: старт=True, стоп=False
  Входная задвижка: состояние: открыта, команды: открыть=True, закрыть=False
  Выходная задвижка: состояние: закрыта, команды: открыть=False, закрыть=True
  Расход: 0.000 м³/с

Насос NA2 (ID 1):
  Режим работы: Штатный режим
  Старт: False, Стоп: False, Вкл: False, Выкл: True
  Ток двигателя: 0.00 А
  Давление вход: 1.900 МПа, выход: 1.800 МПа
  Температуры:
    Подшипник (раб.): 25.0°C
    Подшипник (поле): 25.0°C
    Мотор (раб.): 25.0°C
    Мотор (поле): 25.0°C
    Гидроподшипник: 25.0°C
  Маслосистема: запущена, Давление: 4.00 бар ,Температура масла: 36.8°C
  Команды маслонасоса: старт=True, стоп=False
  Входная задвижка: состояние: открыта, команды: открыть=True, закрыть=False
  Выходная задвижка: состояние: открыта, команды: открыть=True, закрыть=False
  Расход: 0.000 м³/с


=== Состояние БКНС через 13 секунд ===
=== Состояние БКНС ===
Входные параметры: Давление=1.9000 МПа
Выходные параметры: Давление=1.9670 МПа

Насос NA4 (ID 0):
  Режим работы: Закрыта выходная задвижка
  Старт: False, Стоп: False, Вкл: True, Выкл: False
  Ток двигателя: 11.35 А
  Давление вход: 1.900 МПа, выход: 2.134 МПа
  Температуры:
    Подшипник (раб.): 25.9°C
    Подшипник (поле): 25.7°C
    Мотор (раб.): 25.8°C
    Мотор (поле): 25.6°C
    Гидроподшипник: 25.5°C
  Маслосистема: запущена, Давление: 4.00 бар ,Температура масла: 36.6°C
  Команды маслонасоса: старт=True, стоп=False
  Входная задвижка: состояние: открыта, команды: открыть=True, закрыть=False
  Выходная задвижка: состояние: закрыта, команды: открыть=False, закрыть=True
  Расход: 0.000 м³/с

Насос NA2 (ID 1):
  Режим работы: Штатный режим
  Старт: False, Стоп: False, Вкл: False, Выкл: True
  Ток двигателя: 0.00 А
  Давление вход: 1.900 МПа, выход: 1.800 МПа
  Температуры:
    Подшипник (раб.): 25.0°C
    Подшипник (поле): 25.0°C
    Мотор (раб.): 25.0°C
    Мотор (поле): 25.0°C
    Гидроподшипник: 25.0°C
  Маслосистема: запущена, Давление: 4.00 бар ,Температура масла: 36.6°C
  Команды маслонасоса: старт=True, стоп=False
  Входная задвижка: состояние: открыта, команды: открыть=True, закрыть=False
  Выходная задвижка: состояние: открыта, команды: открыть=True, закрыть=False
  Расход: 0.000 м³/с


=== Состояние БКНС через 14 секунд ===
=== Состояние БКНС ===
Входные параметры: Давление=1.9000 МПа
Выходные параметры: Давление=1.9875 МПа

Насос NA4 (ID 0):
  Режим работы: Закрыта выходная задвижка
  Старт: False, Стоп: False, Вкл: True, Выкл: False
  Ток двигателя: 11.93 А
  Давление вход: 1.900 МПа, выход: 2.175 МПа
  Температуры:
    Подшипник (раб.): 26.1°C
    Подшипник (поле): 25.9°C
    Мотор (раб.): 26.0°C
    Мотор (поле): 25.8°C
    Гидроподшипник: 25.6°C
  Маслосистема: запущена, Давление: 4.00 бар ,Температура масла: 36.4°C
  Команды маслонасоса: старт=True, стоп=False
  Входная задвижка: состояние: открыта, команды: открыть=True, закрыть=False
  Выходная задвижка: состояние: закрыта, команды: открыть=False, закрыть=True
  Расход: 0.000 м³/с

Насос NA2 (ID 1):
  Режим работы: Штатный режим
  Старт: False, Стоп: False, Вкл: False, Выкл: True
  Ток двигателя: 0.00 А
  Давление вход: 1.900 МПа, выход: 1.800 МПа
  Температуры:
    Подшипник (раб.): 25.0°C
    Подшипник (поле): 25.0°C
    Мотор (раб.): 25.0°C
    Мотор (поле): 25.0°C
    Гидроподшипник: 25.0°C
  Маслосистема: запущена, Давление: 4.00 бар ,Температура масла: 36.4°C
  Команды маслонасоса: старт=True, стоп=False
  Входная задвижка: состояние: открыта, команды: открыть=True, закрыть=False
  Выходная задвижка: состояние: открыта, команды: открыть=True, закрыть=False
  Расход: 0.000 м³/с


>>> Повторная попытка закрыть выходную задвижку NA4

=== Состояние БКНС через 15 секунд ===
=== Состояние БКНС ===
Входные параметры: Давление=1.9000 МПа
Выходные параметры: Давление=2.0050 МПа

Насос NA4 (ID 0):
  Режим работы: Закрыта выходная задвижка
  Старт: False, Стоп: False, Вкл: True, Выкл: False
  Ток двигателя: 12.53 А
  Давление вход: 1.900 МПа, выход: 2.210 МПа
  Температуры:
    Подшипник (раб.): 26.4°C
    Подшипник (поле): 26.1°C
    Мотор (раб.): 26.2°C
    Мотор (поле): 26.0°C
    Гидроподшипник: 25.7°C
  Маслосистема: запущена, Давление: 4.00 бар ,Температура масла: 36.1°C
  Команды маслонасоса: старт=True, стоп=False
  Входная задвижка: состояние: открыта, команды: открыть=True, закрыть=False
  Выходная задвижка: состояние: закрыта, команды: открыть=False, закрыть=True
  Расход: 0.000 м³/с

Насос NA2 (ID 1):
  Режим работы: Штатный режим
  Старт: False, Стоп: False, Вкл: False, Выкл: True
  Ток двигателя: 0.00 А
  Давление вход: 1.900 МПа, выход: 1.800 МПа
  Температуры:
    Подшипник (раб.): 25.0°C
    Подшипник (поле): 25.0°C
    Мотор (раб.): 25.0°C
    Мотор (поле): 25.0°C
    Гидроподшипник: 25.0°C
  Маслосистема: запущена, Давление: 4.00 бар ,Температура масла: 36.1°C
  Команды маслонасоса: старт=True, стоп=False
  Входная задвижка: состояние: открыта, команды: открыть=True, закрыть=False
  Выходная задвижка: состояние: открыта, команды: открыть=True, закрыть=False
  Расход: 0.000 м³/с


=== Состояние БКНС через 16 секунд ===
=== Состояние БКНС ===
Входные параметры: Давление=1.9000 МПа
Выходные параметры: Давление=2.0200 МПа

Насос NA4 (ID 0):
  Режим работы: Закрыта выходная задвижка
  Старт: False, Стоп: False, Вкл: True, Выкл: False
  Ток двигателя: 13.06 А
  Давление вход: 1.900 МПа, выход: 2.240 МПа
  Температуры:
    Подшипник (раб.): 26.6°C
    Подшипник (поле): 26.2°C
    Мотор (раб.): 26.4°C
    Мотор (поле): 26.1°C
    Гидроподшипник: 25.9°C
  Маслосистема: запущена, Давление: 4.00 бар ,Температура масла: 35.9°C
  Команды маслонасоса: старт=True, стоп=False
  Входная задвижка: состояние: открыта, команды: открыть=True, закрыть=False
  Выходная задвижка: состояние: закрыта, команды: открыть=False, закрыть=True
  Расход: 0.000 м³/с

Насос NA2 (ID 1):
  Режим работы: Штатный режим
  Старт: False, Стоп: False, Вкл: False, Выкл: True
  Ток двигателя: 0.00 А
  Давление вход: 1.900 МПа, выход: 1.800 МПа
  Температуры:
    Подшипник (раб.): 25.0°C
    Подшипник (поле): 25.0°C
    Мотор (раб.): 25.0°C
    Мотор (поле): 25.0°C
    Гидроподшипник: 25.0°C
  Маслосистема: запущена, Давление: 4.00 бар ,Температура масла: 35.9°C
  Команды маслонасоса: старт=True, стоп=False
  Входная задвижка: состояние: открыта, команды: открыть=True, закрыть=False
  Выходная задвижка: состояние: открыта, команды: открыть=True, закрыть=False
  Расход: 0.000 м³/с


>>> Открываем выходную задвижку NA4

=== Состояние БКНС через 17 секунд ===
=== Состояние БКНС ===
Входные параметры: Давление=1.9000 МПа
Выходные параметры: Давление=2.0327 МПа

Насос NA4 (ID 0):
  Режим работы: Закрыта выходная задвижка
  Старт: False, Стоп: False, Вкл: True, Выкл: False
  Ток двигателя: 13.39 А
  Давление вход: 1.900 МПа, выход: 2.265 МПа
  Температуры:
    Подшипник (раб.): 26.8°C
    Подшипник (поле): 26.4°C
    Мотор (раб.): 26.6°C
    Мотор (поле): 26.3°C
    Гидроподшипник: 26.0°C
  Маслосистема: запущена, Давление: 4.00 бар ,Температура масла: 35.7°C
  Команды маслонасоса: старт=True, стоп=False
  Входная задвижка: состояние: открыта, команды: открыть=True, закрыть=False
  Выходная задвижка: состояние: в движении, команды: открыть=True, закрыть=False
  Расход: 0.000 м³/с

Насос NA2 (ID 1):
  Режим работы: Штатный режим
  Старт: False, Стоп: False, Вкл: False, Выкл: True
  Ток двигателя: 0.00 А
  Давление вход: 1.900 МПа, выход: 1.800 МПа
  Температуры:
    Подшипник (раб.): 25.0°C
    Подшипник (поле): 25.0°C
    Мотор (раб.): 25.0°C
    Мотор (поле): 25.0°C
    Гидроподшипник: 25.0°C
  Маслосистема: запущена, Давление: 4.00 бар ,Температура масла: 35.7°C
  Команды маслонасоса: старт=True, стоп=False
  Входная задвижка: состояние: открыта, команды: открыть=True, закрыть=False
  Выходная задвижка: состояние: открыта, команды: открыть=True, закрыть=False
  Расход: 0.000 м³/с


=== Состояние БКНС через 18 секунд ===
=== Состояние БКНС ===
Входные параметры: Давление=1.9000 МПа
Выходные параметры: Давление=1.9795 МПа

Насос NA4 (ID 0):
  Режим работы: Штатный режим
  Старт: False, Стоп: False, Вкл: True, Выкл: False
  Ток двигателя: 9.00 А
  Давление вход: 1.900 МПа, выход: 2.159 МПа
  Температуры:
    Подшипник (раб.): 27.1°C
    Подшипник (поле): 26.6°C
    Мотор (раб.): 26.8°C
    Мотор (поле): 26.5°C
    Гидроподшипник: 26.1°C
  Маслосистема: запущена, Давление: 4.00 бар ,Температура масла: 35.5°C
  Команды маслонасоса: старт=True, стоп=False
  Входная задвижка: состояние: открыта, команды: открыть=True, закрыть=False
  Выходная задвижка: состояние: открыта, команды: открыть=True, закрыть=False
  Расход: 32.734 м³/с

Насос NA2 (ID 1):
  Режим работы: Штатный режим
  Старт: False, Стоп: False, Вкл: False, Выкл: True
  Ток двигателя: 0.00 А
  Давление вход: 1.900 МПа, выход: 1.800 МПа
  Температуры:
    Подшипник (раб.): 25.0°C
    Подшипник (поле): 25.0°C
    Мотор (раб.): 25.0°C
    Мотор (поле): 25.0°C
    Гидроподшипник: 25.0°C
  Маслосистема: запущена, Давление: 4.00 бар ,Температура масла: 35.5°C
  Команды маслонасоса: старт=True, стоп=False
  Входная задвижка: состояние: открыта, команды: открыть=True, закрыть=False
  Выходная задвижка: состояние: открыта, команды: открыть=True, закрыть=False
  Расход: 0.000 м³/с


>>> Останавливаем насос NA4

=== Состояние БКНС через 19 секунд ===
=== Состояние БКНС ===
Входные параметры: Давление=1.9000 МПа
Выходные параметры: Давление=1.9745 МПа

Насос NA4 (ID 0):
  Режим работы: Штатный режим
  Старт: False, Стоп: False, Вкл: False, Выкл: False
  Ток двигателя: 8.90 А
  Давление вход: 1.900 МПа, выход: 2.149 МПа
  Температуры:
    Подшипник (раб.): 26.8°C
    Подшипник (поле): 26.3°C
    Мотор (раб.): 26.4°C
    Мотор (поле): 26.1°C
    Гидроподшипник: 25.9°C
  Маслосистема: запущена, Давление: 4.00 бар ,Температура масла: 35.3°C
  Команды маслонасоса: старт=True, стоп=False
  Входная задвижка: состояние: открыта, команды: открыть=True, закрыть=False
  Выходная задвижка: состояние: открыта, команды: открыть=True, закрыть=False
  Расход: 0.000 м³/с

Насос NA2 (ID 1):
  Режим работы: Штатный режим
  Старт: False, Стоп: False, Вкл: False, Выкл: True
  Ток двигателя: 0.00 А
  Давление вход: 1.900 МПа, выход: 1.800 МПа
  Температуры:
    Подшипник (раб.): 25.0°C
    Подшипник (поле): 25.0°C
    Мотор (раб.): 25.0°C
    Мотор (поле): 25.0°C
    Гидроподшипник: 25.0°C
  Маслосистема: запущена, Давление: 4.00 бар ,Температура масла: 35.3°C
  Команды маслонасоса: старт=True, стоп=False
  Входная задвижка: состояние: открыта, команды: открыть=True, закрыть=False
  Выходная задвижка: состояние: открыта, команды: открыть=True, закрыть=False
  Расход: 0.000 м³/с


=== Состояние БКНС через 20 секунд ===
=== Состояние БКНС ===
Входные параметры: Давление=1.9000 МПа
Выходные параметры: Давление=1.9695 МПа

Насос NA4 (ID 0):
  Режим работы: Штатный режим
  Старт: False, Стоп: False, Вкл: False, Выкл: False
  Ток двигателя: 8.80 А
  Давление вход: 1.900 МПа, выход: 2.139 МПа
  Температуры:
    Подшипник (раб.): 26.5°C
    Подшипник (поле): 26.0°C
    Мотор (раб.): 26.0°C
    Мотор (поле): 25.8°C
    Гидроподшипник: 25.6°C
  Маслосистема: запущена, Давление: 4.00 бар ,Температура масла: 35.1°C
  Команды маслонасоса: старт=True, стоп=False
  Входная задвижка: состояние: открыта, команды: открыть=True, закрыть=False
  Выходная задвижка: состояние: открыта, команды: открыть=True, закрыть=False
  Расход: 0.000 м³/с

Насос NA2 (ID 1):
  Режим работы: Штатный режим
  Старт: False, Стоп: False, Вкл: False, Выкл: True
  Ток двигателя: 0.00 А
  Давление вход: 1.900 МПа, выход: 1.800 МПа
  Температуры:
    Подшипник (раб.): 25.0°C
    Подшипник (поле): 25.0°C
    Мотор (раб.): 25.0°C
    Мотор (поле): 25.0°C
    Гидроподшипник: 25.0°C
  Маслосистема: запущена, Давление: 4.00 бар ,Температура масла: 35.1°C
  Команды маслонасоса: старт=True, стоп=False
  Входная задвижка: состояние: открыта, команды: открыть=True, закрыть=False
  Выходная задвижка: состояние: открыта, команды: открыть=True, закрыть=False
  Расход: 0.000 м³/с


>>> Останавливаем маслонасос NA4

=== Состояние БКНС через 21 секунд ===
=== Состояние БКНС ===
Входные параметры: Давление=1.9000 МПа
Выходные параметры: Давление=1.9645 МПа

Насос NA4 (ID 0):
  Режим работы: Штатный режим
  Старт: False, Стоп: False, Вкл: False, Выкл: False
  Ток двигателя: 8.70 А
  Давление вход: 1.900 МПа, выход: 2.129 МПа
  Температуры:
    Подшипник (раб.): 26.2°C
    Подшипник (поле): 25.7°C
    Мотор (раб.): 25.6°C
    Мотор (поле): 25.5°C
    Гидроподшипник: 25.4°C
  Маслосистема: остановлена, Давление: 0.00 бар ,Температура масла: 34.9°C
  Команды маслонасоса: старт=False, стоп=True
  Входная задвижка: состояние: открыта, команды: открыть=True, закрыть=False
  Выходная задвижка: состояние: открыта, команды: открыть=True, закрыть=False
  Расход: 0.000 м³/с

Насос NA2 (ID 1):
  Режим работы: Штатный режим
  Старт: False, Стоп: False, Вкл: False, Выкл: True
  Ток двигателя: 0.00 А
  Давление вход: 1.900 МПа, выход: 1.800 МПа
  Температуры:
    Подшипник (раб.): 25.0°C
    Подшипник (поле): 25.0°C
    Мотор (раб.): 25.0°C
    Мотор (поле): 25.0°C
    Гидроподшипник: 25.0°C
  Маслосистема: запущена, Давление: 4.00 бар ,Температура масла: 34.9°C
  Команды маслонасоса: старт=True, стоп=False
  Входная задвижка: состояние: открыта, команды: открыть=True, закрыть=False
  Выходная задвижка: состояние: открыта, команды: открыть=True, закрыть=False
  Расход: 0.000 м³/с


=== Состояние БКНС через 22 секунд ===
=== Состояние БКНС ===
Входные параметры: Давление=1.9000 МПа
Выходные параметры: Давление=1.9595 МПа

Насос NA4 (ID 0):
  Режим работы: Штатный режим
  Старт: False, Стоп: False, Вкл: False, Выкл: False
  Ток двигателя: 8.60 А
  Давление вход: 1.900 МПа, выход: 2.119 МПа
  Температуры:
    Подшипник (раб.): 25.8°C
    Подшипник (поле): 25.3°C
    Мотор (раб.): 25.3°C
    Мотор (поле): 25.2°C
    Гидроподшипник: 25.1°C
  Маслосистема: остановлена, Давление: 0.00 бар ,Температура масла: 34.7°C
  Команды маслонасоса: старт=False, стоп=True
  Входная задвижка: состояние: открыта, команды: открыть=True, закрыть=False
  Выходная задвижка: состояние: открыта, команды: открыть=True, закрыть=False
  Расход: 0.000 м³/с

Насос NA2 (ID 1):
  Режим работы: Штатный режим
  Старт: False, Стоп: False, Вкл: False, Выкл: True
  Ток двигателя: 0.00 А
  Давление вход: 1.900 МПа, выход: 1.800 МПа
  Температуры:
    Подшипник (раб.): 25.0°C
    Подшипник (поле): 25.0°C
    Мотор (раб.): 25.0°C
    Мотор (поле): 25.0°C
    Гидроподшипник: 25.0°C
  Маслосистема: запущена, Давление: 4.00 бар ,Температура масла: 34.7°C
  Команды маслонасоса: старт=True, стоп=False
  Входная задвижка: состояние: открыта, команды: открыть=True, закрыть=False
  Выходная задвижка: состояние: открыта, команды: открыть=True, закрыть=False
  Расход: 0.000 м³/с


>>> Запускаем насос NA4 и насос NA2 одновременно

=== Состояние БКНС через 23 секунд ===
=== Состояние БКНС ===
Входные параметры: Давление=1.9000 МПа
Выходные параметры: Давление=1.7641 МПа

Насос NA4 (ID 0):
  Режим работы: Штатный режим
  Старт: False, Стоп: False, Вкл: True, Выкл: False
  Ток двигателя: 2.74 А
  Давление вход: 1.900 МПа, выход: 1.728 МПа
  Температуры:
    Подшипник (раб.): 25.9°C
    Подшипник (поле): 25.4°C
    Мотор (раб.): 25.3°C
    Мотор (поле): 25.2°C
    Гидроподшипник: 25.1°C
  Маслосистема: запущена, Давление: 4.00 бар ,Температура масла: 34.5°C
  Команды маслонасоса: старт=True, стоп=False
  Входная задвижка: состояние: открыта, команды: открыть=True, закрыть=False
  Выходная задвижка: состояние: открыта, команды: открыть=True, закрыть=False
  Расход: inf м³/с

Насос NA2 (ID 1):
  Режим работы: Штатный режим
  Старт: False, Стоп: False, Вкл: True, Выкл: False
  Ток двигателя: 0.00 А
  Давление вход: 1.900 МПа, выход: 1.800 МПа
  Температуры:
    Подшипник (раб.): 25.0°C
    Подшипник (поле): 25.0°C
    Мотор (раб.): 25.0°C
    Мотор (поле): 25.0°C
    Гидроподшипник: 25.0°C
  Маслосистема: запущена, Давление: 4.00 бар ,Температура масла: 34.5°C
  Команды маслонасоса: старт=True, стоп=False
  Входная задвижка: состояние: открыта, команды: открыть=True, закрыть=False
  Выходная задвижка: состояние: открыта, команды: открыть=True, закрыть=False
  Расход: nan м³/с


=== Состояние БКНС через 24 секунд ===
=== Состояние БКНС ===
Входные параметры: Давление=1.9000 МПа
Выходные параметры: Давление=1.7417 МПа

Насос NA4 (ID 0):
  Режим работы: Штатный режим
  Старт: False, Стоп: False, Вкл: True, Выкл: False
  Ток двигателя: 4.05 А
  Давление вход: 1.900 МПа, выход: 1.778 МПа
  Температуры:
    Подшипник (раб.): 25.9°C
    Подшипник (поле): 25.4°C
    Мотор (раб.): 25.3°C
    Мотор (поле): 25.2°C
    Гидроподшипник: 25.2°C
  Маслосистема: запущена, Давление: 4.00 бар ,Температура масла: 34.3°C
  Команды маслонасоса: старт=True, стоп=False
  Входная задвижка: состояние: открыта, команды: открыть=True, закрыть=False
  Выходная задвижка: состояние: открыта, команды: открыть=True, закрыть=False
  Расход: 14.598 м³/с

Насос NA2 (ID 1):
  Режим работы: Штатный режим
  Старт: False, Стоп: False, Вкл: True, Выкл: False
  Ток двигателя: 1.81 А
  Давление вход: 1.900 МПа, выход: 1.705 МПа
  Температуры:
    Подшипник (раб.): 25.0°C
    Подшипник (поле): 25.0°C
    Мотор (раб.): 25.0°C
    Мотор (поле): 25.0°C
    Гидроподшипник: 25.0°C
  Маслосистема: запущена, Давление: 4.00 бар ,Температура масла: 34.3°C
  Команды маслонасоса: старт=True, стоп=False
  Входная задвижка: состояние: открыта, команды: открыть=True, закрыть=False
  Выходная задвижка: состояние: открыта, команды: открыть=True, закрыть=False
  Расход: 6.526 м³/с


=== Состояние БКНС через 25 секунд ===
=== Состояние БКНС ===
Входные параметры: Давление=1.9000 МПа
Выходные параметры: Давление=1.7908 МПа

Насос NA4 (ID 0):
  Режим работы: Штатный режим
  Старт: False, Стоп: False, Вкл: True, Выкл: False
  Ток двигателя: 5.13 А
  Давление вход: 1.900 МПа, выход: 1.835 МПа
  Температуры:
    Подшипник (раб.): 26.0°C
    Подшипник (поле): 25.5°C
    Мотор (раб.): 25.4°C
    Мотор (поле): 25.3°C
    Гидроподшипник: 25.2°C
  Маслосистема: запущена, Давление: 4.00 бар ,Температура масла: 34.1°C
  Команды маслонасоса: старт=True, стоп=False
  Входная задвижка: состояние: открыта, команды: открыть=True, закрыть=False
  Выходная задвижка: состояние: открыта, команды: открыть=True, закрыть=False
  Расход: 18.477 м³/с

Насос NA2 (ID 1):
  Режим работы: Штатный режим
  Старт: False, Стоп: False, Вкл: True, Выкл: False
  Ток двигателя: 3.30 А
  Давление вход: 1.900 МПа, выход: 1.747 МПа
  Температуры:
    Подшипник (раб.): 25.0°C
    Подшипник (поле): 25.0°C
    Мотор (раб.): 25.0°C
    Мотор (поле): 25.0°C
    Гидроподшипник: 25.0°C
  Маслосистема: запущена, Давление: 4.00 бар ,Температура масла: 34.2°C
  Команды маслонасоса: старт=True, стоп=False
  Входная задвижка: состояние: открыта, команды: открыть=True, закрыть=False
  Выходная задвижка: состояние: открыта, команды: открыть=True, закрыть=False
  Расход: 11.868 м³/с


>>> Закрываем входную задвижку NA2 (симуляция 'закрыта входная')

=== Состояние БКНС через 26 секунд ===
=== Состояние БКНС ===
Входные параметры: Давление=1.9000 МПа
Выходные параметры: Давление=1.5690 МПа

Насос NA4 (ID 0):
  Режим работы: Штатный режим
  Старт: False, Стоп: False, Вкл: True, Выкл: False
  Ток двигателя: 6.01 А
  Давление вход: 1.900 МПа, выход: 1.891 МПа
  Температуры:
    Подшипник (раб.): 26.1°C
    Подшипник (поле): 25.6°C
    Мотор (раб.): 25.5°C
    Мотор (поле): 25.4°C
    Гидроподшипник: 25.3°C
  Маслосистема: запущена, Давление: 4.00 бар ,Температура масла: 34.0°C
  Команды маслонасоса: старт=True, стоп=False
  Входная задвижка: состояние: открыта, команды: открыть=True, закрыть=False
  Выходная задвижка: состояние: открыта, команды: открыть=True, закрыть=False
  Расход: 21.654 м³/с

Насос NA2 (ID 1):
  Режим работы: Закрыта входная задвижка
  Старт: False, Стоп: False, Вкл: True, Выкл: False
  Ток двигателя: 5.87 А
  Давление вход: 1.900 МПа, выход: 1.247 МПа
  Температуры:
    Подшипник (раб.): 25.8°C
    Подшипник (поле): 25.6°C
    Мотор (раб.): 25.7°C
    Мотор (поле): 25.5°C
    Гидроподшипник: 25.4°C
  Маслосистема: запущена, Давление: 4.00 бар ,Температура масла: 34.0°C
  Команды маслонасоса: старт=True, стоп=False
  Входная задвижка: состояние: в движении, команды: открыть=False, закрыть=True
  Выходная задвижка: состояние: открыта, команды: открыть=True, закрыть=False
  Расход: 0.000 м³/с


=== Состояние БКНС через 27 секунд ===
=== Состояние БКНС ===
Входные параметры: Давление=1.9000 МПа
Выходные параметры: Давление=1.3454 МПа

Насос NA4 (ID 0):
  Режим работы: Штатный режим
  Старт: False, Стоп: False, Вкл: True, Выкл: False
  Ток двигателя: 6.74 А
  Давление вход: 1.900 МПа, выход: 1.944 МПа
  Температуры:
    Подшипник (раб.): 26.3°C
    Подшипник (поле): 25.7°C
    Мотор (раб.): 25.6°C
    Мотор (поле): 25.5°C
    Гидроподшипник: 25.3°C
  Маслосистема: запущена, Давление: 3.99 бар ,Температура масла: 33.8°C
  Команды маслонасоса: старт=True, стоп=False
  Входная задвижка: состояние: открыта, команды: открыть=True, закрыть=False
  Выходная задвижка: состояние: открыта, команды: открыть=True, закрыть=False
  Расход: 24.254 м³/с

Насос NA2 (ID 1):
  Режим работы: Закрыта входная задвижка
  Старт: False, Стоп: False, Вкл: True, Выкл: False
  Ток двигателя: 7.16 А
  Давление вход: 1.900 МПа, выход: 0.747 МПа
  Температуры:
    Подшипник (раб.): 26.6°C
    Подшипник (поле): 26.2°C
    Мотор (раб.): 26.3°C
    Мотор (поле): 26.1°C
    Гидроподшипник: 25.8°C
  Маслосистема: запущена, Давление: 3.99 бар ,Температура масла: 33.8°C
  Команды маслонасоса: старт=True, стоп=False
  Входная задвижка: состояние: закрыта, команды: открыть=False, закрыть=True
  Выходная задвижка: состояние: открыта, команды: открыть=True, закрыть=False
  Расход: 0.000 м³/с


=== Состояние БКНС через 28 секунд ===
=== Состояние БКНС ===
Входные параметры: Давление=1.9000 МПа
Выходные параметры: Давление=1.1194 МПа

Насос NA4 (ID 0):
  Режим работы: Штатный режим
  Старт: False, Стоп: False, Вкл: True, Выкл: False
  Ток двигателя: 7.33 А
  Давление вход: 1.900 МПа, выход: 1.992 МПа
  Температуры:
    Подшипник (раб.): 26.4°C
    Подшипник (поле): 25.8°C
    Мотор (раб.): 25.8°C
    Мотор (поле): 25.6°C
    Гидроподшипник: 25.4°C
  Маслосистема: запущена, Давление: 3.95 бар ,Температура масла: 33.6°C
  Команды маслонасоса: старт=True, стоп=False
  Входная задвижка: состояние: открыта, команды: открыть=True, закрыть=False
  Выходная задвижка: состояние: открыта, команды: открыть=True, закрыть=False
  Расход: 26.383 м³/с

Насос NA2 (ID 1):
  Режим работы: Закрыта входная задвижка
  Старт: False, Стоп: False, Вкл: True, Выкл: False
  Ток двигателя: 8.22 А
  Давление вход: 1.900 МПа, выход: 0.247 МПа
  Температуры:
    Подшипник (раб.): 27.3°C
    Подшипник (поле): 26.8°C
    Мотор (раб.): 27.0°C
    Мотор (поле): 26.6°C
    Гидроподшипник: 26.3°C
  Маслосистема: запущена, Давление: 3.95 бар ,Температура масла: 33.6°C
  Команды маслонасоса: старт=True, стоп=False
  Входная задвижка: состояние: закрыта, команды: открыть=False, закрыть=True
  Выходная задвижка: состояние: открыта, команды: открыть=True, закрыть=False
  Расход: 0.000 м³/с


>>> Открываем входную задвижку NA2

=== Состояние БКНС через 29 секунд ===
=== Состояние БКНС ===
Входные параметры: Давление=1.9000 МПа
Выходные параметры: Давление=1.0170 МПа

Насос NA4 (ID 0):
  Режим работы: Штатный режим
  Старт: False, Стоп: False, Вкл: True, Выкл: False
  Ток двигателя: 7.81 А
  Давление вход: 1.900 МПа, выход: 2.034 МПа
  Температуры:
    Подшипник (раб.): 26.6°C
    Подшипник (поле): 26.0°C
    Мотор (раб.): 25.9°C
    Мотор (поле): 25.7°C
    Гидроподшипник: 25.5°C
  Маслосистема: запущена, Давление: 3.91 бар ,Температура масла: 33.5°C
  Команды маслонасоса: старт=True, стоп=False
  Входная задвижка: состояние: открыта, команды: открыть=True, закрыть=False
  Выходная задвижка: состояние: открыта, команды: открыть=True, закрыть=False
  Расход: 28.127 м³/с

Насос NA2 (ID 1):
  Режим работы: Закрыта входная задвижка
  Старт: False, Стоп: False, Вкл: True, Выкл: False
  Ток двигателя: 9.08 А
  Давление вход: 1.900 МПа, выход: 0.000 МПа
  Температуры:
    Подшипник (раб.): 28.1°C
    Подшипник (поле): 27.4°C
    Мотор (раб.): 27.7°C
    Мотор (поле): 27.2°C
    Гидроподшипник: 26.7°C
  Маслосистема: запущена, Давление: 3.91 бар ,Температура масла: 33.5°C
  Команды маслонасоса: старт=True, стоп=False
  Входная задвижка: состояние: в движении, команды: открыть=True, закрыть=False
  Выходная задвижка: состояние: открыта, команды: открыть=True, закрыть=False
  Расход: 0.000 м³/с


=== Состояние БКНС через 30 секунд ===
=== Состояние БКНС ===
Входные параметры: Давление=1.9000 МПа
Выходные параметры: Давление=1.1401 МПа

Насос NA4 (ID 0):
  Режим работы: Штатный режим
  Старт: False, Стоп: False, Вкл: True, Выкл: False
  Ток двигателя: 8.21 А
  Давление вход: 1.900 МПа, выход: 2.071 МПа
  Температуры:
    Подшипник (раб.): 26.9°C
    Подшипник (поле): 26.1°C
    Мотор (раб.): 26.1°C
    Мотор (поле): 25.9°C
    Гидроподшипник: 25.7°C
  Маслосистема: запущена, Давление: 3.88 бар ,Температура масла: 33.3°C
  Команды маслонасоса: старт=True, стоп=False
  Входная задвижка: состояние: открыта, команды: открыть=True, закрыть=False
  Выходная задвижка: состояние: открыта, команды: открыть=True, закрыть=False
  Расход: 29.554 м³/с

Насос NA2 (ID 1):
  Режим работы: Штатный режим
  Старт: False, Стоп: False, Вкл: True, Выкл: False
  Ток двигателя: 7.53 А
  Давление вход: 1.900 МПа, выход: 0.209 МПа
  Температуры:
    Подшипник (раб.): 28.3°C
    Подшипник (поле): 27.6°C
    Мотор (раб.): 27.8°C
    Мотор (поле): 27.3°C
    Гидроподшипник: 26.8°C
  Маслосистема: запущена, Давление: 3.88 бар ,Температура масла: 33.3°C
  Команды маслонасоса: старт=True, стоп=False
  Входная задвижка: состояние: открыта, команды: открыть=True, закрыть=False
  Выходная задвижка: состояние: открыта, команды: открыть=True, закрыть=False
  Расход: 27.123 м³/с


>>> Останавливаем маслонасос NA2 (симуляция работы насоса без масла)

=== Состояние БКНС через 31 секунд ===
=== Состояние БКНС ===
Входные параметры: Давление=1.9000 МПа
Выходные параметры: Давление=1.1758 МПа

Насос NA4 (ID 0):
  Режим работы: Штатный режим
  Старт: False, Стоп: False, Вкл: True, Выкл: False
  Ток двигателя: 8.48 А
  Давление вход: 1.900 МПа, выход: 2.102 МПа
  Температуры:
    Подшипник (раб.): 27.1°C
    Подшипник (поле): 26.3°C
    Мотор (раб.): 26.3°C
    Мотор (поле): 26.1°C
    Гидроподшипник: 25.8°C
  Маслосистема: запущена, Давление: 3.84 бар ,Температура масла: 33.1°C
  Команды маслонасоса: старт=True, стоп=False
  Входная задвижка: состояние: открыта, команды: открыть=True, закрыть=False
  Выходная задвижка: состояние: открыта, команды: открыть=True, закрыть=False
  Расход: 30.722 м³/с

Насос NA2 (ID 1):
  Режим работы: Штатный режим
  Старт: False, Стоп: False, Вкл: True, Выкл: False
  Ток двигателя: 7.98 А
  Давление вход: 1.900 МПа, выход: 0.249 МПа
  Температуры:
    Подшипник (раб.): 31.5°C
    Подшипник (поле): 30.7°C
    Мотор (раб.): 31.0°C
    Мотор (поле): 30.4°C
    Гидроподшипник: 29.9°C
  Маслосистема: остановлена, Давление: 0.00 бар ,Температура масла: 33.1°C
  Команды маслонасоса: старт=False, стоп=True
  Входная задвижка: состояние: открыта, команды: открыть=True, закрыть=False
  Выходная задвижка: состояние: открыта, команды: открыть=True, закрыть=False
  Расход: 28.732 м³/с


=== Состояние БКНС через 32 секунд ===
=== Состояние БКНС ===
Входные параметры: Давление=1.9000 МПа
Выходные параметры: Давление=1.2063 МПа

Насос NA4 (ID 0):
  Режим работы: Штатный режим
  Старт: False, Стоп: False, Вкл: True, Выкл: False
  Ток двигателя: 8.80 А
  Давление вход: 1.900 МПа, выход: 2.129 МПа
  Температуры:
    Подшипник (раб.): 27.3°C
    Подшипник (поле): 26.5°C
    Мотор (раб.): 26.5°C
    Мотор (поле): 26.2°C
    Гидроподшипник: 25.9°C
  Маслосистема: запущена, Давление: 3.80 бар ,Температура масла: 33.0°C
  Команды маслонасоса: старт=True, стоп=False
  Входная задвижка: состояние: открыта, команды: открыть=True, закрыть=False
  Выходная задвижка: состояние: открыта, команды: открыть=True, закрыть=False
  Расход: 31.679 м³/с

Насос NA2 (ID 1):
  Режим работы: Штатный режим
  Старт: False, Стоп: False, Вкл: True, Выкл: False
  Ток двигателя: 8.40 А
  Давление вход: 1.900 МПа, выход: 0.284 МПа
  Температуры:
    Подшипник (раб.): 34.8°C
    Подшипник (поле): 33.9°C
    Мотор (раб.): 34.2°C
    Мотор (поле): 33.6°C
    Гидроподшипник: 33.0°C
  Маслосистема: остановлена, Давление: 0.00 бар ,Температура масла: 33.0°C
  Команды маслонасоса: старт=False, стоп=True
  Входная задвижка: состояние: открыта, команды: открыть=True, закрыть=False
  Выходная задвижка: состояние: открыта, команды: открыть=True, закрыть=False
  Расход: 30.049 м³/с


>>> Останавливаем насос NA2

=== Состояние БКНС через 33 секунд ===
=== Состояние БКНС ===
Входные параметры: Давление=1.9000 МПа
Выходные параметры: Давление=1.2125 МПа

Насос NA4 (ID 0):
  Режим работы: Штатный режим
  Старт: False, Стоп: False, Вкл: True, Выкл: False
  Ток двигателя: 8.92 А
  Давление вход: 1.900 МПа, выход: 2.151 МПа
  Температуры:
    Подшипник (раб.): 27.6°C
    Подшипник (поле): 26.7°C
    Мотор (раб.): 26.7°C
    Мотор (поле): 26.4°C
    Гидроподшипник: 26.1°C
  Маслосистема: запущена, Давление: 3.77 бар ,Температура масла: 32.8°C
  Команды маслонасоса: старт=True, стоп=False
  Входная задвижка: состояние: открыта, команды: открыть=True, закрыть=False
  Выходная задвижка: состояние: открыта, команды: открыть=True, закрыть=False
  Расход: 32.462 м³/с

Насос NA2 (ID 1):
  Режим работы: Штатный режим
  Старт: False, Стоп: False, Вкл: False, Выкл: False
  Ток двигателя: 8.30 А
  Давление вход: 1.900 МПа, выход: 0.274 МПа
  Температуры:
    Подшипник (раб.): 34.4°C
    Подшипник (поле): 33.6°C
    Мотор (раб.): 33.8°C
    Мотор (поле): 33.3°C
    Гидроподшипник: 32.8°C
  Маслосистема: остановлена, Давление: 0.00 бар ,Температура масла: 32.8°C
  Команды маслонасоса: старт=False, стоп=True
  Входная задвижка: состояние: открыта, команды: открыть=True, закрыть=False
  Выходная задвижка: состояние: открыта, команды: открыть=True, закрыть=False
  Расход: 0.000 м³/с


=== Состояние БКНС через 34 секунд ===
=== Состояние БКНС ===
Входные параметры: Давление=1.9000 МПа
Выходные параметры: Давление=1.2169 МПа

Насос NA4 (ID 0):
  Режим работы: Штатный режим
  Старт: False, Стоп: False, Вкл: True, Выкл: False
  Ток двигателя: 9.24 А
  Давление вход: 1.900 МПа, выход: 2.170 МПа
  Температуры:
    Подшипник (раб.): 27.9°C
    Подшипник (поле): 26.9°C
    Мотор (раб.): 27.0°C
    Мотор (поле): 26.6°C
    Гидроподшипник: 26.2°C
  Маслосистема: запущена, Давление: 3.74 бар ,Температура масла: 32.7°C
  Команды маслонасоса: старт=True, стоп=False
  Входная задвижка: состояние: открыта, команды: открыть=True, закрыть=False
  Выходная задвижка: состояние: открыта, команды: открыть=True, закрыть=False
  Расход: 33.104 м³/с

Насос NA2 (ID 1):
  Режим работы: Штатный режим
  Старт: False, Стоп: False, Вкл: False, Выкл: False
  Ток двигателя: 8.20 А
  Давление вход: 1.900 МПа, выход: 0.264 МПа
  Температуры:
    Подшипник (раб.): 34.1°C
    Подшипник (поле): 33.2°C
    Мотор (раб.): 33.4°C
    Мотор (поле): 33.0°C
    Гидроподшипник: 32.5°C
  Маслосистема: остановлена, Давление: 0.00 бар ,Температура масла: 32.7°C
  Команды маслонасоса: старт=False, стоп=True
  Входная задвижка: состояние: открыта, команды: открыть=True, закрыть=False
  Выходная задвижка: состояние: открыта, команды: открыть=True, закрыть=False
  Расход: 0.000 м³/с


=== Состояние БКНС через 35 секунд ===
=== Состояние БКНС ===
Входные параметры: Давление=1.9000 МПа
Выходные параметры: Давление=1.2197 МПа

Насос NA4 (ID 0):
  Режим работы: Штатный режим
  Старт: False, Стоп: False, Вкл: True, Выкл: False
  Ток двигателя: 9.39 А
  Давление вход: 1.900 МПа, выход: 2.186 МПа
  Температуры:
    Подшипник (раб.): 28.2°C
    Подшипник (поле): 27.1°C
    Мотор (раб.): 27.2°C
    Мотор (поле): 26.8°C
    Гидроподшипник: 26.4°C
  Маслосистема: запущена, Давление: 3.71 бар ,Температура масла: 32.5°C
  Команды маслонасоса: старт=True, стоп=False
  Входная задвижка: состояние: открыта, команды: открыть=True, закрыть=False
  Выходная задвижка: состояние: открыта, команды: открыть=True, закрыть=False
  Расход: 33.629 м³/с

Насос NA2 (ID 1):
  Режим работы: Штатный режим
  Старт: False, Стоп: False, Вкл: False, Выкл: False
  Ток двигателя: 8.10 А
  Давление вход: 1.900 МПа, выход: 0.254 МПа
  Температуры:
    Подшипник (раб.): 33.8°C
    Подшипник (поле): 32.9°C
    Мотор (раб.): 33.0°C
    Мотор (поле): 32.6°C
    Гидроподшипник: 32.3°C
  Маслосистема: остановлена, Давление: 0.00 бар ,Температура масла: 32.5°C
  Команды маслонасоса: старт=False, стоп=True
  Входная задвижка: состояние: открыта, команды: открыть=True, закрыть=False
  Выходная задвижка: состояние: открыта, команды: открыть=True, закрыть=False
  Расход: 0.000 м³/с


>>> Запускаем насос NA2 без маслонасоса (опасный режим!)

=== Состояние БКНС через 36 секунд ===
=== Состояние БКНС ===
Входные параметры: Давление=1.9000 МПа
Выходные параметры: Давление=1.0818 МПа

Насос NA4 (ID 0):
  Режим работы: Штатный режим
  Старт: False, Стоп: False, Вкл: True, Выкл: False
  Ток двигателя: 9.45 А
  Давление вход: 1.900 МПа, выход: 2.199 МПа
  Температуры:
    Подшипник (раб.): 28.5°C
    Подшипник (поле): 27.4°C
    Мотор (раб.): 27.5°C
    Мотор (поле): 27.0°C
    Гидроподшипник: 26.5°C
  Маслосистема: запущена, Давление: 3.68 бар ,Температура масла: 32.4°C
  Команды маслонасоса: старт=True, стоп=False
  Входная задвижка: состояние: открыта, команды: открыть=True, закрыть=False
  Выходная задвижка: состояние: открыта, команды: открыть=True, закрыть=False
  Расход: 34.058 м³/с

Насос NA2 (ID 1):
  Режим работы: Штатный режим
  Старт: False, Стоп: False, Вкл: True, Выкл: False
  Ток двигателя: 3.75 А
  Давление вход: 1.900 МПа, выход: -0.035 МПа
  Температуры:
    Подшипник (раб.): 36.8°C
    Подшипник (поле): 36.0°C
    Мотор (раб.): 36.1°C
    Мотор (поле): 35.7°C
    Гидроподшипник: 35.3°C
  Маслосистема: остановлена, Давление: 0.00 бар ,Температура масла: 32.4°C
  Команды маслонасоса: старт=False, стоп=True
  Входная задвижка: состояние: открыта, команды: открыть=True, закрыть=False
  Выходная задвижка: состояние: открыта, команды: открыть=True, закрыть=False
  Расход: inf м³/с


=== Состояние БКНС через 37 секунд ===
=== Состояние БКНС ===
Входные параметры: Давление=1.9000 МПа
Выходные параметры: Давление=1.1149 МПа

Насос NA4 (ID 0):
  Режим работы: Штатный режим
  Старт: False, Стоп: False, Вкл: True, Выкл: False
  Ток двигателя: 9.62 А
  Давление вход: 1.900 МПа, выход: 2.209 МПа
  Температуры:
    Подшипник (раб.): 28.8°C
    Подшипник (поле): 27.6°C
    Мотор (раб.): 27.7°C
    Мотор (поле): 27.2°C
    Гидроподшипник: 26.7°C
  Маслосистема: запущена, Давление: 3.66 бар ,Температура масла: 32.2°C
  Команды маслонасоса: старт=True, стоп=False
  Входная задвижка: состояние: открыта, команды: открыть=True, закрыть=False
  Выходная задвижка: состояние: открыта, команды: открыть=True, закрыть=False
  Расход: 34.410 м³/с

Насос NA2 (ID 1):
  Режим работы: Штатный режим
  Старт: False, Стоп: False, Вкл: True, Выкл: False
  Ток двигателя: 4.88 А
  Давление вход: 1.900 МПа, выход: 0.020 МПа
  Температуры:
    Подшипник (раб.): 39.9°C
    Подшипник (поле): 39.0°C
    Мотор (раб.): 39.1°C
    Мотор (поле): 38.7°C
    Гидроподшипник: 38.3°C
  Маслосистема: остановлена, Давление: 0.00 бар ,Температура масла: 32.2°C
  Команды маслонасоса: старт=False, стоп=True
  Входная задвижка: состояние: открыта, команды: открыть=True, закрыть=False
  Выходная задвижка: состояние: открыта, команды: открыть=True, закрыть=False
  Расход: 17.580 м³/с


=== Состояние БКНС через 38 секунд ===
=== Состояние БКНС ===
Входные параметры: Давление=1.9000 МПа
Выходные параметры: Давление=1.1477 МПа

Насос NA4 (ID 0):
  Режим работы: Штатный режим
  Старт: False, Стоп: False, Вкл: True, Выкл: False
  Ток двигателя: 9.70 А
  Давление вход: 1.900 МПа, выход: 2.218 МПа
  Температуры:
    Подшипник (раб.): 29.1°C
    Подшипник (поле): 27.8°C
    Мотор (раб.): 28.0°C
    Мотор (поле): 27.4°C
    Гидроподшипник: 26.9°C
  Маслосистема: запущена, Давление: 3.64 бар ,Температура масла: 32.1°C
  Команды маслонасоса: старт=True, стоп=False
  Входная задвижка: состояние: открыта, команды: открыть=True, закрыть=False
  Выходная задвижка: состояние: открыта, команды: открыть=True, закрыть=False
  Расход: 34.699 м³/с

Насос NA2 (ID 1):
  Режим работы: Штатный режим
  Старт: False, Стоп: False, Вкл: True, Выкл: False
  Ток двигателя: 5.81 А
  Давление вход: 1.900 МПа, выход: 0.077 МПа
  Температуры:
    Подшипник (раб.): 43.0°C
    Подшипник (поле): 42.1°C
    Мотор (раб.): 42.2°C
    Мотор (поле): 41.8°C
    Гидроподшипник: 41.4°C
  Маслосистема: остановлена, Давление: 0.00 бар ,Температура масла: 32.1°C
  Команды маслонасоса: старт=False, стоп=True
  Входная задвижка: состояние: открыта, команды: открыть=True, закрыть=False
  Выходная задвижка: состояние: открыта, команды: открыть=True, закрыть=False
  Расход: 20.919 м³/с


=== Состояние БКНС через 39 секунд ===
=== Состояние БКНС ===
Входные параметры: Давление=1.9000 МПа
Выходные параметры: Давление=1.1784 МПа

Насос NA4 (ID 0):
  Режим работы: Штатный режим
  Старт: False, Стоп: False, Вкл: True, Выкл: False
  Ток двигателя: 9.63 А
  Давление вход: 1.900 МПа, выход: 2.226 МПа
  Температуры:
    Подшипник (раб.): 29.4°C
    Подшипник (поле): 28.1°C
    Мотор (раб.): 28.2°C
    Мотор (поле): 27.6°C
    Гидроподшипник: 27.0°C
  Маслосистема: запущена, Давление: 3.62 бар ,Температура масла: 32.0°C
  Команды маслонасоса: старт=True, стоп=False
  Входная задвижка: состояние: открыта, команды: открыть=True, закрыть=False
  Выходная задвижка: состояние: открыта, команды: открыть=True, закрыть=False
  Расход: 34.934 м³/с

Насос NA2 (ID 1):
  Режим работы: Штатный режим
  Старт: False, Стоп: False, Вкл: True, Выкл: False
  Ток двигателя: 6.57 А
  Давление вход: 1.900 МПа, выход: 0.131 МПа
  Температуры:
    Подшипник (раб.): 46.2°C
    Подшипник (поле): 45.2°C
    Мотор (раб.): 45.3°C
    Мотор (поле): 44.9°C
    Гидроподшипник: 44.5°C
  Маслосистема: остановлена, Давление: 0.00 бар ,Температура масла: 31.9°C
  Команды маслонасоса: старт=False, стоп=True
  Входная задвижка: состояние: открыта, команды: открыть=True, закрыть=False
  Выходная задвижка: состояние: открыта, команды: открыть=True, закрыть=False
  Расход: 23.653 м³/с


=== Состояние БКНС через 40 секунд ===
=== Состояние БКНС ===
Входные параметры: Давление=1.9000 МПа
Выходные параметры: Давление=1.2060 МПа

Насос NA4 (ID 0):
  Режим работы: Штатный режим
  Старт: False, Стоп: False, Вкл: True, Выкл: False
  Ток двигателя: 9.82 А
  Давление вход: 1.900 МПа, выход: 2.232 МПа
  Температуры:
    Подшипник (раб.): 29.7°C
    Подшипник (поле): 28.3°C
    Мотор (раб.): 28.5°C
    Мотор (поле): 27.8°C
    Гидроподшипник: 27.2°C
  Маслосистема: запущена, Давление: 3.61 бар ,Температура масла: 31.8°C
  Команды маслонасоса: старт=True, стоп=False
  Входная задвижка: состояние: открыта, команды: открыть=True, закрыть=False
  Выходная задвижка: состояние: открыта, команды: открыть=True, закрыть=False
  Расход: 35.128 м³/с

Насос NA2 (ID 1):
  Режим работы: Штатный режим
  Старт: False, Стоп: False, Вкл: True, Выкл: False
  Ток двигателя: 7.19 А
  Давление вход: 1.900 МПа, выход: 0.180 МПа
  Температуры:
    Подшипник (раб.): 49.3°C
    Подшипник (поле): 48.3°C
    Мотор (раб.): 48.5°C
    Мотор (поле): 48.0°C
    Гидроподшипник: 47.5°C
  Маслосистема: остановлена, Давление: 0.00 бар ,Температура масла: 31.8°C
  Команды маслонасоса: старт=False, стоп=True
  Входная задвижка: состояние: открыта, команды: открыть=True, закрыть=False
  Выходная задвижка: состояние: открыта, команды: открыть=True, закрыть=False
  Расход: 25.891 м³/с


>>> Запускаем маслонасос NA2

=== Состояние БКНС через 41 секунд ===
=== Состояние БКНС ===
Входные параметры: Давление=1.9000 МПа
Выходные параметры: Давление=1.2303 МПа

Насос NA4 (ID 0):
  Режим работы: Штатный режим
  Старт: False, Стоп: False, Вкл: True, Выкл: False
  Ток двигателя: 9.90 А
  Давление вход: 1.900 МПа, выход: 2.237 МПа
  Температуры:
    Подшипник (раб.): 30.0°C
    Подшипник (поле): 28.5°C
    Мотор (раб.): 28.8°C
    Мотор (поле): 28.1°C
    Гидроподшипник: 27.4°C
  Маслосистема: запущена, Давление: 3.60 бар ,Температура масла: 31.7°C
  Команды маслонасоса: старт=True, стоп=False
  Входная задвижка: состояние: открыта, команды: открыть=True, закрыть=False
  Выходная задвижка: состояние: открыта, команды: открыть=True, закрыть=False
  Расход: 35.286 м³/с

Насос NA2 (ID 1):
  Режим работы: Штатный режим
  Старт: False, Стоп: False, Вкл: True, Выкл: False
  Ток двигателя: 7.70 А
  Давление вход: 1.900 МПа, выход: 0.224 МПа
  Температуры:
    Подшипник (раб.): 39.8°C
    Подшипник (поле): 40.2°C
    Мотор (раб.): 39.9°C
    Мотор (поле): 40.2°C
    Гидроподшипник: 40.1°C
  Маслосистема: запущена, Давление: 3.60 бар ,Температура масла: 31.6°C
  Команды маслонасоса: старт=True, стоп=False
  Входная задвижка: состояние: открыта, команды: открыть=True, закрыть=False
  Выходная задвижка: состояние: открыта, команды: открыть=True, закрыть=False
  Расход: 27.723 м³/с


=== Состояние БКНС через 42 секунд ===
=== Состояние БКНС ===
Входные параметры: Давление=1.9000 МПа
Выходные параметры: Давление=1.2514 МПа

Насос NA4 (ID 0):
  Режим работы: Штатный режим
  Старт: False, Стоп: False, Вкл: True, Выкл: False
  Ток двигателя: 9.82 А
  Давление вход: 1.900 МПа, выход: 2.241 МПа
  Температуры:
    Подшипник (раб.): 30.3°C
    Подшипник (поле): 28.8°C
    Мотор (раб.): 29.0°C
    Мотор (поле): 28.3°C
    Гидроподшипник: 27.5°C
  Маслосистема: запущена, Давление: 3.60 бар ,Температура масла: 31.6°C
  Команды маслонасоса: старт=True, стоп=False
  Входная задвижка: состояние: открыта, команды: открыть=True, закрыть=False
  Выходная задвижка: состояние: открыта, команды: открыть=True, закрыть=False
  Расход: 35.415 м³/с

Насос NA2 (ID 1):
  Режим работы: Штатный режим
  Старт: False, Стоп: False, Вкл: True, Выкл: False
  Ток двигателя: 8.11 А
  Давление вход: 1.900 МПа, выход: 0.262 МПа
  Температуры:
    Подшипник (раб.): 39.8°C
    Подшипник (поле): 40.2°C
    Мотор (раб.): 40.3°C
    Мотор (поле): 40.1°C
    Гидроподшипник: 39.8°C
  Маслосистема: запущена, Давление: 3.60 бар ,Температура масла: 31.5°C
  Команды маслонасоса: старт=True, стоп=False
  Входная задвижка: состояние: открыта, команды: открыть=True, закрыть=False
  Выходная задвижка: состояние: открыта, команды: открыть=True, закрыть=False
  Расход: 29.224 м³/с


=== Состояние БКНС через 43 секунд ===
=== Состояние БКНС ===
Входные параметры: Давление=1.9000 МПа
Выходные параметры: Давление=1.2694 МПа

Насос NA4 (ID 0):
  Режим работы: Штатный режим
  Старт: False, Стоп: False, Вкл: True, Выкл: False
  Ток двигателя: 9.85 А
  Давление вход: 1.900 МПа, выход: 2.244 МПа
  Температуры:
    Подшипник (раб.): 30.6°C
    Подшипник (поле): 29.0°C
    Мотор (раб.): 29.3°C
    Мотор (поле): 28.5°C
    Гидроподшипник: 27.7°C
  Маслосистема: запущена, Давление: 3.60 бар ,Температура масла: 31.4°C
  Команды маслонасоса: старт=True, стоп=False
  Входная задвижка: состояние: открыта, команды: открыть=True, закрыть=False
  Выходная задвижка: состояние: открыта, команды: открыть=True, закрыть=False
  Расход: 35.521 м³/с

Насос NA2 (ID 1):
  Режим работы: Штатный режим
  Старт: False, Стоп: False, Вкл: True, Выкл: False
  Ток двигателя: 8.48 А
  Давление вход: 1.900 МПа, выход: 0.295 МПа
  Температуры:
    Подшипник (раб.): 40.2°C
    Подшипник (поле): 39.9°C
    Мотор (раб.): 40.0°C
    Мотор (поле): 40.2°C
    Гидроподшипник: 40.1°C
  Маслосистема: запущена, Давление: 3.60 бар ,Температура масла: 31.4°C
  Команды маслонасоса: старт=True, стоп=False
  Входная задвижка: состояние: открыта, команды: открыть=True, закрыть=False
  Выходная задвижка: состояние: открыта, команды: открыть=True, закрыть=False
  Расход: 30.452 м³/с


=== Состояние БКНС через 44 секунд ===
=== Состояние БКНС ===
Входные параметры: Давление=1.9000 МПа
Выходные параметры: Давление=1.2847 МПа

Насос NA4 (ID 0):
  Режим работы: Штатный режим
  Старт: False, Стоп: False, Вкл: True, Выкл: False
  Ток двигателя: 9.94 А
  Давление вход: 1.900 МПа, выход: 2.247 МПа
  Температуры:
    Подшипник (раб.): 30.9°C
    Подшипник (поле): 29.3°C
    Мотор (раб.): 29.6°C
    Мотор (поле): 28.7°C
    Гидроподшипник: 27.9°C
  Маслосистема: запущена, Давление: 3.60 бар ,Температура масла: 31.3°C
  Команды маслонасоса: старт=True, стоп=False
  Входная задвижка: состояние: открыта, команды: открыть=True, закрыть=False
  Выходная задвижка: состояние: открыта, команды: открыть=True, закрыть=False
  Расход: 35.608 м³/с

Насос NA2 (ID 1):
  Режим работы: Штатный режим
  Старт: False, Стоп: False, Вкл: True, Выкл: False
  Ток двигателя: 8.72 А
  Давление вход: 1.900 МПа, выход: 0.323 МПа
  Температуры:
    Подшипник (раб.): 39.8°C
    Подшипник (поле): 39.8°C
    Мотор (раб.): 40.0°C
    Мотор (поле): 39.8°C
    Гидроподшипник: 40.0°C
  Маслосистема: запущена, Давление: 3.60 бар ,Температура масла: 31.3°C
  Команды маслонасоса: старт=True, стоп=False
  Входная задвижка: состояние: открыта, команды: открыть=True, закрыть=False
  Выходная задвижка: состояние: открыта, команды: открыть=True, закрыть=False
  Расход: 31.458 м³/с

